<?xml version="1.0" encoding="UTF-8"?>
<!-- Generated by org.testng.reporters.JUnitXMLReporter -->
<testsuite ignored="0" hostname="ScoreMe-Subrat" failures="4" tests="4" name="Chrometest" time="82.217" errors="0" timestamp="2024-12-29T19:39:11 IST">
  <testcase classname="TestBase.TC_002_LogIn" name="VerifyLogin" time="11.711">
    <failure type="java.lang.AssertionError" message="expected [true] but found [false]">
      <![CDATA[java.lang.AssertionError: expected [true] but found [false]
at TestBase.TC_002_LogIn.VerifyLogin(TC_002_LogIn.java:43)
at java.base/java.util.ArrayList.forEach(ArrayList.java:1511)
... Removed 31 stack frames]]>
    </failure>
  </testcase> <!-- VerifyLogin -->
  <testcase classname="TestBase.TC_002_LogIn" name="VerifyLogin" time="21.361">
    <failure type="java.lang.AssertionError" message="null">
      <![CDATA[java.lang.AssertionError: null
at TestBase.TC_002_LogIn.VerifyLogin(TC_002_LogIn.java:59)
at java.base/java.util.ArrayList.forEach(ArrayList.java:1511)
... Removed 29 stack frames]]>
    </failure>
  </testcase> <!-- VerifyLogin -->
  <testcase classname="TestBase.TC_002_LogIn" name="VerifyLogin" time="21.589">
    <failure type="java.lang.AssertionError" message="null">
      <![CDATA[java.lang.AssertionError: null
at TestBase.TC_002_LogIn.VerifyLogin(TC_002_LogIn.java:59)
at java.base/java.util.ArrayList.forEach(ArrayList.java:1511)
... Removed 29 stack frames]]>
    </failure>
  </testcase> <!-- VerifyLogin -->
  <testcase classname="TestBase.TC_002_LogIn" name="VerifyLogin" time="21.652">
    <failure type="java.lang.AssertionError" message="null">
      <![CDATA[java.lang.AssertionError: null
at TestBase.TC_002_LogIn.VerifyLogin(TC_002_LogIn.java:59)
at java.base/java.util.ArrayList.forEach(ArrayList.java:1511)
... Removed 29 stack frames]]>
    </failure>
  </testcase> <!-- VerifyLogin -->
</testsuite> <!-- Chrometest -->
