<?xml version="1.0" encoding="UTF-8"?>
<!-- Generated by org.testng.reporters.JUnitXMLReporter -->
<testsuite ignored="0" hostname="ScoreMe-Subrat" failures="3" tests="4" name="Chrometest" time="71.756" errors="0" timestamp="2025-01-05T19:04:57 IST">
  <testcase classname="TestBase.TC_002_LogIn" name="VerifyLogin" time="2.074"/>
  <testcase classname="TestBase.TC_002_LogIn" name="VerifyLogin" time="21.045">
    <failure type="java.lang.AssertionError" message="null">
      <![CDATA[java.lang.AssertionError: null
at TestBase.TC_002_LogIn.VerifyLogin(TC_002_LogIn.java:59)
at java.base/java.util.ArrayList.forEach(ArrayList.java:1511)
... Removed 33 stack frames]]>
    </failure>
  </testcase> <!-- VerifyLogin -->
  <testcase classname="TestBase.TC_002_LogIn" name="VerifyLogin" time="21.279">
    <failure type="java.lang.AssertionError" message="null">
      <![CDATA[java.lang.AssertionError: null
at TestBase.TC_002_LogIn.VerifyLogin(TC_002_LogIn.java:59)
at java.base/java.util.ArrayList.forEach(ArrayList.java:1511)
... Removed 33 stack frames]]>
    </failure>
  </testcase> <!-- VerifyLogin -->
  <testcase classname="TestBase.TC_002_LogIn" name="VerifyLogin" time="21.231">
    <failure type="java.lang.AssertionError" message="null">
      <![CDATA[java.lang.AssertionError: null
at TestBase.TC_002_LogIn.VerifyLogin(TC_002_LogIn.java:59)
at java.base/java.util.ArrayList.forEach(ArrayList.java:1511)
... Removed 33 stack frames]]>
    </failure>
  </testcase> <!-- VerifyLogin -->
</testsuite> <!-- Chrometest -->
