<?xml version="1.0" encoding="UTF-8"?>
<!-- Generated by org.testng.reporters.JUnitXMLReporter -->
<testsuite ignored="0" hostname="ScoreMe-Subrat" failures="3" tests="3" name="Test(failed)" time="73.02" errors="0" timestamp="2024-12-29T19:32:55 IST">
  <testcase classname="TestBase.TC_002_LogIn" name="VerifyLogin" time="22.402">
    <failure type="java.lang.AssertionError" message="null">
      <![CDATA[java.lang.AssertionError: null
at TestBase.TC_002_LogIn.VerifyLogin(TC_002_LogIn.java:59)
at java.base/java.util.ArrayList.forEach(ArrayList.java:1511)
... Removed 29 stack frames]]>
    </failure>
  </testcase> <!-- VerifyLogin -->
  <testcase classname="TestBase.TC_002_LogIn" name="VerifyLogin" time="21.652">
    <failure type="java.lang.AssertionError" message="null">
      <![CDATA[java.lang.AssertionError: null
at TestBase.TC_002_LogIn.VerifyLogin(TC_002_LogIn.java:59)
at java.base/java.util.ArrayList.forEach(ArrayList.java:1511)
... Removed 29 stack frames]]>
    </failure>
  </testcase> <!-- VerifyLogin -->
  <testcase classname="TestBase.TC_002_LogIn" name="VerifyLogin" time="21.566">
    <failure type="java.lang.AssertionError" message="null">
      <![CDATA[java.lang.AssertionError: null
at TestBase.TC_002_LogIn.VerifyLogin(TC_002_LogIn.java:59)
at java.base/java.util.ArrayList.forEach(ArrayList.java:1511)
... Removed 29 stack frames]]>
    </failure>
  </testcase> <!-- VerifyLogin -->
</testsuite> <!-- Test(failed) -->
