<?xml version="1.0" encoding="UTF-8"?>
<testng-results ignored="0" total="1" passed="1" failed="0" skipped="0">
  <reporter-output>
  </reporter-output>
  <suite started-at="2024-12-29T19:50:13 IST" name="Failed suite [Failed suite [Suite]]" finished-at="2024-12-29T19:50:21 IST" duration-ms="7763">
    <groups>
      <group name="Master">
        <method signature="TC_002_LogIn.VerifyLogin(java.lang.String,java.lang.String,java.lang.String)[pri:0, instance:TestBase.TC_002_LogIn@28261e8e]" name="VerifyLogin" class="TestBase.TC_002_LogIn"/>
      </group> <!-- Master -->
      <group name="Regression">
        <method signature="TC_002_LogIn.VerifyLogin(java.lang.String,java.lang.String,java.lang.String)[pri:0, instance:TestBase.TC_002_LogIn@28261e8e]" name="VerifyLogin" class="TestBase.TC_002_LogIn"/>
      </group> <!-- Regression -->
    </groups>
    <test started-at="2024-12-29T19:50:13 IST" name="Chrometest(failed)(failed)" finished-at="2024-12-29T19:50:21 IST" duration-ms="7763">
      <class name="TestBase.TC_002_LogIn">
        <test-method is-config="true" signature="launchBrowser(java.lang.String,java.lang.String)[pri:0, instance:TestBase.TC_002_LogIn@28261e8e]" started-at="2024-12-29T19:50:13 IST" name="launchBrowser" finished-at="2024-12-29T19:50:16 IST" duration-ms="3159" status="PASS">
          <params>
            <param index="0">
              <value>
                <![CDATA[Window]]>
              </value>
            </param>
            <param index="1">
              <value>
                <![CDATA[chrome]]>
              </value>
            </param>
          </params>
          <reporter-output>
          </reporter-output>
        </test-method> <!-- launchBrowser -->
        <test-method signature="VerifyLogin(java.lang.String,java.lang.String,java.lang.String)[pri:0, instance:TestBase.TC_002_LogIn@28261e8e]" started-at="2024-12-29T19:50:16 IST" name="VerifyLogin" data-provider="LoginData" finished-at="2024-12-29T19:50:18 IST" duration-ms="2139" status="PASS">
          <params>
            <param index="0">
              <value>
                <![CDATA[subratsingh10091999@gmail.com]]>
              </value>
            </param>
            <param index="1">
              <value>
                <![CDATA[Password@321]]>
              </value>
            </param>
            <param index="2">
              <value>
                <![CDATA[Valid]]>
              </value>
            </param>
          </params>
          <reporter-output>
          </reporter-output>
        </test-method> <!-- VerifyLogin -->
        <test-method is-config="true" signature="tearDown()[pri:0, instance:TestBase.TC_002_LogIn@28261e8e]" started-at="2024-12-29T19:50:18 IST" name="tearDown" finished-at="2024-12-29T19:50:21 IST" duration-ms="2409" status="PASS">
          <reporter-output>
          </reporter-output>
        </test-method> <!-- tearDown -->
      </class> <!-- TestBase.TC_002_LogIn -->
    </test> <!-- Chrometest(failed)(failed) -->
  </suite> <!-- Failed suite [Failed suite [Suite]] -->
</testng-results>
